This is pdfTeX, Version 3.1415926-2.5-1.40.14 (TeX Live 2013/Debian) (format=pdflatex 2014.3.19)  21 MAR 2014 15:28
entering extended mode
 restricted \write18 enabled.
 %&-line parsing enabled.
**"cs211 sorting algorithms report.tex"
(./cs211 sorting algorithms report.tex
LaTeX2e <2011/06/27>
Babel <3.9f> and hyphenation patterns for 2 languages loaded.
(./acm_proc_article-sp.cls
(/usr/share/texlive/texmf-dist/tex/latex/graphics/epsfig.sty
Package: epsfig 1999/02/16 v1.7a (e)psfig emulation (SPQR)

(/usr/share/texlive/texmf-dist/tex/latex/graphics/graphicx.sty
Package: graphicx 1999/02/16 v1.0f Enhanced LaTeX Graphics (DPC,SPQR)

(/usr/share/texlive/texmf-dist/tex/latex/graphics/keyval.sty
Package: keyval 1999/03/16 v1.13 key=value parser (DPC)
\KV@toks@=\toks14
)
(/usr/share/texlive/texmf-dist/tex/latex/graphics/graphics.sty
Package: graphics 2009/02/05 v1.0o Standard LaTeX Graphics (DPC,SPQR)

(/usr/share/texlive/texmf-dist/tex/latex/graphics/trig.sty
Package: trig 1999/03/16 v1.09 sin cos tan (DPC)
)
(/usr/share/texlive/texmf-dist/tex/latex/latexconfig/graphics.cfg
File: graphics.cfg 2010/04/23 v1.9 graphics configuration of TeX Live
)
Package graphics Info: Driver file: pdftex.def on input line 91.

(/usr/share/texlive/texmf-dist/tex/latex/pdftex-def/pdftex.def
File: pdftex.def 2011/05/27 v0.06d Graphics/color for pdfTeX

(/usr/share/texlive/texmf-dist/tex/generic/oberdiek/infwarerr.sty
Package: infwarerr 2010/04/08 v1.3 Providing info/warning/error messages (HO)
)
(/usr/share/texlive/texmf-dist/tex/generic/oberdiek/ltxcmds.sty
Package: ltxcmds 2011/11/09 v1.22 LaTeX kernel commands for general use (HO)
)
\Gread@gobject=\count79
))
\Gin@req@height=\dimen102
\Gin@req@width=\dimen103
)
\epsfxsize=\dimen104
\epsfysize=\dimen105
)
(/usr/share/texlive/texmf-dist/tex/latex/amsfonts/amssymb.sty
Package: amssymb 2013/01/14 v3.01 AMS font symbols

(/usr/share/texlive/texmf-dist/tex/latex/amsfonts/amsfonts.sty
Package: amsfonts 2013/01/14 v3.01 Basic AMSFonts support
\@emptytoks=\toks15
\symAMSa=\mathgroup4
\symAMSb=\mathgroup5
LaTeX Font Info:    Overwriting math alphabet `\mathfrak' in version `bold'
(Font)                  U/euf/m/n --> U/euf/b/n on input line 106.
))
(/usr/share/texlive/texmf-dist/tex/latex/amsmath/amsmath.sty
Package: amsmath 2013/01/14 v2.14 AMS math features
\@mathmargin=\skip41

For additional information on amsmath, use the `?' option.
(/usr/share/texlive/texmf-dist/tex/latex/amsmath/amstext.sty
Package: amstext 2000/06/29 v2.01

(/usr/share/texlive/texmf-dist/tex/latex/amsmath/amsgen.sty
File: amsgen.sty 1999/11/30 v2.0
\@emptytoks=\toks16
\ex@=\dimen106
))
(/usr/share/texlive/texmf-dist/tex/latex/amsmath/amsbsy.sty
Package: amsbsy 1999/11/29 v1.2d
\pmbraise@=\dimen107
)
(/usr/share/texlive/texmf-dist/tex/latex/amsmath/amsopn.sty
Package: amsopn 1999/12/14 v2.01 operator names
)
\inf@bad=\count80
LaTeX Info: Redefining \frac on input line 210.
\uproot@=\count81
\leftroot@=\count82
LaTeX Info: Redefining \overline on input line 306.
\classnum@=\count83
\DOTSCASE@=\count84
LaTeX Info: Redefining \ldots on input line 378.
LaTeX Info: Redefining \dots on input line 381.
LaTeX Info: Redefining \cdots on input line 466.
\Mathstrutbox@=\box26
\strutbox@=\box27
\big@size=\dimen108
LaTeX Font Info:    Redeclaring font encoding OML on input line 566.
LaTeX Font Info:    Redeclaring font encoding OMS on input line 567.
\macc@depth=\count85
\c@MaxMatrixCols=\count86
\dotsspace@=\muskip10
\c@parentequation=\count87
\dspbrk@lvl=\count88
\tag@help=\toks17
\row@=\count89
\column@=\count90
\maxfields@=\count91
\andhelp@=\toks18
\eqnshift@=\dimen109
\alignsep@=\dimen110
\tagshift@=\dimen111
\tagwidth@=\dimen112
\totwidth@=\dimen113
\lineht@=\dimen114
\@envbody=\toks19
\multlinegap=\skip42
\multlinetaggap=\skip43
\mathdisplay@stack=\toks20
LaTeX Info: Redefining \[ on input line 2665.
LaTeX Info: Redefining \] on input line 2666.
)
Document Class 'acm_proc_article-sp' <22nd. April '09>. Modified by G.K.M. Tobi
n
Based in part upon document Style `acmconf' <22 May 89>. Hacked 4/91 by
shivers@cs.cmu.edu, 4/93 by theobald@cs.mcgill.ca
Excerpts were taken from (Journal Style) 'esub2acm.cls'.
****** Bugs/comments/suggestions to Gerry Murray -- murray@hq.acm.org ******
\footheight=\dimen115
\@maxsep=\dimen116
\@dblmaxsep=\dimen117
\aucount=\count92
\originalaucount=\count93
\auwidth=\dimen118
\auskip=\dimen119
\auskipcount=\count94
\auskip=\dimen120
\allauboxes=\dimen121
\addauthors=\toks21
\addauflag=\count95
\subtitletext=\toks22
\savesection=\count96
\sectioncntr=\count97
\c@figure=\count98
\c@table=\count99
\titleboxnotes=\toks23
\titleboxnoteflag=\count100
Document Class: acm_proc_article-sp 2009/04/22 - V3.2SP - based on esub2acm.sty
 <23 April 96>
(/usr/share/texlive/texmf-dist/tex/latex/base/latexsym.sty
Package: latexsym 1998/08/17 v2.2e Standard LaTeX package (lasy symbols)
\symlasy=\mathgroup6
LaTeX Font Info:    Overwriting symbol font `lasy' in version `bold'
(Font)                  U/lasy/m/n --> U/lasy/b/n on input line 47.
)
\@acmtitlebox=\box28
\titlenotecount=\count101
\tntoks=\toks24
\tntokstwo=\toks25
\tntoksthree=\toks26
\tntoksfour=\toks27
\tntoksfive=\toks28
\catcount=\count102
\copyrightnotice=\toks29
\conf=\toks30
\confinfo=\toks31
\c@part=\count103
\c@section=\count104
\c@subsection=\count105
\c@subsubsection=\count106
\c@paragraph=\count107

Using 'Abbrev' bibliography style
LaTeX Info: Redefining \cite on input line 1236.
\bibindent=\dimen122
\colcntr=\count108
\saveb@x=\box29
\copyrtyr=\toks32
\acmcopyr=\toks33
\boilerplate=\toks34
\copyrightetc=\toks35
(/usr/share/texlive/texmf-dist/tex/latex/base/fontenc.sty
Package: fontenc 2005/09/27 v1.99g Standard LaTeX package

(/usr/share/texlive/texmf-dist/tex/latex/base/t1enc.def
File: t1enc.def 2005/09/27 v1.99g Standard LaTeX file
LaTeX Font Info:    Redeclaring font encoding T1 on input line 43.
)
LaTeX Font Info:    Try loading font information for T1+aer on input line 100.

(/usr/share/texlive/texmf-dist/tex/latex/ae/t1aer.fd
File: t1aer.fd 1997/11/16 Font definitions for T1/aer.
)))
(/usr/share/texlive/texmf-dist/tex/latex/oberdiek/epstopdf.sty
Package: epstopdf 2010/02/09 v2.5 Conversion with epstopdf on the fly (HO)

(/usr/share/texlive/texmf-dist/tex/latex/oberdiek/epstopdf-base.sty
Package: epstopdf-base 2010/02/09 v2.5 Base part for package epstopdf

(/usr/share/texlive/texmf-dist/tex/latex/oberdiek/grfext.sty
Package: grfext 2010/08/19 v1.1 Manage graphics extensions (HO)

(/usr/share/texlive/texmf-dist/tex/generic/oberdiek/kvdefinekeys.sty
Package: kvdefinekeys 2011/04/07 v1.3 Define keys (HO)
))
(/usr/share/texlive/texmf-dist/tex/latex/oberdiek/kvoptions.sty
Package: kvoptions 2011/06/30 v3.11 Key value format for package options (HO)

(/usr/share/texlive/texmf-dist/tex/generic/oberdiek/kvsetkeys.sty
Package: kvsetkeys 2012/04/25 v1.16 Key value parser (HO)

(/usr/share/texlive/texmf-dist/tex/generic/oberdiek/etexcmds.sty
Package: etexcmds 2011/02/16 v1.5 Avoid name clashes with e-TeX commands (HO)

(/usr/share/texlive/texmf-dist/tex/generic/oberdiek/ifluatex.sty
Package: ifluatex 2010/03/01 v1.3 Provides the ifluatex switch (HO)
Package ifluatex Info: LuaTeX not detected.
)
Package etexcmds Info: Could not find \expanded.
(etexcmds)             That can mean that you are not using pdfTeX 1.50 or
(etexcmds)             that some package has redefined \expanded.
(etexcmds)             In the latter case, load this package earlier.
)))
(/usr/share/texlive/texmf-dist/tex/generic/oberdiek/pdftexcmds.sty
Package: pdftexcmds 2011/11/29 v0.20 Utility functions of pdfTeX for LuaTeX (HO
)

(/usr/share/texlive/texmf-dist/tex/generic/oberdiek/ifpdf.sty
Package: ifpdf 2011/01/30 v2.3 Provides the ifpdf switch (HO)
Package ifpdf Info: pdfTeX in PDF mode is detected.
)
Package pdftexcmds Info: LuaTeX not detected.
Package pdftexcmds Info: \pdf@primitive is available.
Package pdftexcmds Info: \pdf@ifprimitive is available.
Package pdftexcmds Info: \pdfdraftmode found.
)
Package grfext Info: Graphics extension search list:
(grfext)             [.png,.pdf,.jpg,.mps,.jpeg,.jbig2,.jb2,.PNG,.PDF,.JPG,.JPE
G,.JBIG2,.JB2,.eps]
(grfext)             \AppendGraphicsExtensions on input line 452.

(/usr/share/texlive/texmf-dist/tex/latex/latexconfig/epstopdf-sys.cfg
File: epstopdf-sys.cfg 2010/07/13 v1.3 Configuration of (r)epstopdf for TeX Liv
e
)))
(build/cs211 sorting algorithms report.aux)
\openout1 = `"cs211 sorting algorithms report.aux"'.

LaTeX Font Info:    Checking defaults for OML/cmm/m/it on input line 31.
LaTeX Font Info:    ... okay on input line 31.
LaTeX Font Info:    Checking defaults for T1/cmr/m/n on input line 31.
LaTeX Font Info:    ... okay on input line 31.
LaTeX Font Info:    Checking defaults for OT1/cmr/m/n on input line 31.
LaTeX Font Info:    ... okay on input line 31.
LaTeX Font Info:    Checking defaults for OMS/cmsy/m/n on input line 31.
LaTeX Font Info:    ... okay on input line 31.
LaTeX Font Info:    Checking defaults for OMX/cmex/m/n on input line 31.
LaTeX Font Info:    ... okay on input line 31.
LaTeX Font Info:    Checking defaults for U/cmr/m/n on input line 31.
LaTeX Font Info:    ... okay on input line 31.

(/usr/share/texlive/texmf-dist/tex/context/base/supp-pdf.mkii
[Loading MPS to PDF converter (version 2006.09.02).]
\scratchcounter=\count109
\scratchdimen=\dimen123
\scratchbox=\box30
\nofMPsegments=\count110
\nofMParguments=\count111
\everyMPshowfont=\toks36
\MPscratchCnt=\count112
\MPscratchDim=\dimen124
\MPnumerator=\count113
\makeMPintoPDFobject=\count114
\everyMPtoPDFconversion=\toks37
)
LaTeX Font Info:    Try loading font information for U+msa on input line 87.
 (/usr/share/texlive/texmf-dist/tex/latex/amsfonts/umsa.fd
File: umsa.fd 2013/01/14 v3.01 AMS symbols A
)
LaTeX Font Info:    Try loading font information for U+msb on input line 87.

(/usr/share/texlive/texmf-dist/tex/latex/amsfonts/umsb.fd
File: umsb.fd 2013/01/14 v3.01 AMS symbols B
)
LaTeX Font Info:    Try loading font information for U+lasy on input line 87.

(/usr/share/texlive/texmf-dist/tex/latex/base/ulasy.fd
File: ulasy.fd 1998/08/17 v2.2e LaTeX symbol font definitions
)
Underfull \hbox (badness 10000) in paragraph at lines 101--103

 []

Package epstopdf Info: Source file: <BubbleSort2.eps>
(epstopdf)                    date: 2014-03-20 23:34:13
(epstopdf)                    size: 84688 bytes
(epstopdf)             Output file: <BubbleSort2-eps-converted-to.pdf>
(epstopdf)                    date: 2014-03-21 00:54:43
(epstopdf)                    size: 43269 bytes
(epstopdf)             Command: <repstopdf --outfile=BubbleSort2-eps-converted-
to.pdf BubbleSort2.eps>
(epstopdf)             \includegraphics on input line 121.
Package epstopdf Info: Output file is already uptodate.
<BubbleSort2-eps-converted-to.pdf, id=1, 455.7025pt x 255.95625pt>
File: BubbleSort2-eps-converted-to.pdf Graphic file (type pdf)

<use BubbleSort2-eps-converted-to.pdf>
Package pdftex.def Info: BubbleSort2-eps-converted-to.pdf used on input line 12
1.
(pdftex.def)             Requested size: 238.49641pt x 180.67569pt.
 [1{/var/lib/texmf/fonts/map/pdftex/updmap/pdftex.map}


 <./BubbleSort2-eps-converted-to.pdf>]
Package epstopdf Info: Source file: <InsertionSort.eps>
(epstopdf)                    date: 2014-03-20 23:10:05
(epstopdf)                    size: 81887 bytes
(epstopdf)             Output file: <InsertionSort-eps-converted-to.pdf>
(epstopdf)                    date: 2014-03-21 00:56:02
(epstopdf)                    size: 41943 bytes
(epstopdf)             Command: <repstopdf --outfile=InsertionSort-eps-converte
d-to.pdf InsertionSort.eps>
(epstopdf)             \includegraphics on input line 145.
Package epstopdf Info: Output file is already uptodate.

<InsertionSort-eps-converted-to.pdf, id=19, 455.7025pt x 255.95625pt>
File: InsertionSort-eps-converted-to.pdf Graphic file (type pdf)

<use InsertionSort-eps-converted-to.pdf>
Package pdftex.def Info: InsertionSort-eps-converted-to.pdf used on input line 
145.
(pdftex.def)             Requested size: 238.49641pt x 180.67569pt.
Package epstopdf Info: Source file: <SelectionSort.eps>
(epstopdf)                    date: 2014-03-20 23:12:39
(epstopdf)                    size: 87821 bytes
(epstopdf)             Output file: <SelectionSort-eps-converted-to.pdf>
(epstopdf)                    date: 2014-03-21 00:56:02
(epstopdf)                    size: 45006 bytes
(epstopdf)             Command: <repstopdf --outfile=SelectionSort-eps-converte
d-to.pdf SelectionSort.eps>
(epstopdf)             \includegraphics on input line 166.
Package epstopdf Info: Output file is already uptodate.

<SelectionSort-eps-converted-to.pdf, id=20, 455.7025pt x 255.95625pt>
File: SelectionSort-eps-converted-to.pdf Graphic file (type pdf)

<use SelectionSort-eps-converted-to.pdf>
Package pdftex.def Info: SelectionSort-eps-converted-to.pdf used on input line 
166.
(pdftex.def)             Requested size: 238.49641pt x 180.67569pt.
Package epstopdf Info: Source file: <RadixSort.eps>
(epstopdf)                    date: 2014-03-20 23:15:04
(epstopdf)                    size: 137127 bytes
(epstopdf)             Output file: <RadixSort-eps-converted-to.pdf>
(epstopdf)                    date: 2014-03-21 00:56:03
(epstopdf)                    size: 67257 bytes
(epstopdf)             Command: <repstopdf --outfile=RadixSort-eps-converted-to
.pdf RadixSort.eps>
(epstopdf)             \includegraphics on input line 187.
Package epstopdf Info: Output file is already uptodate.

<RadixSort-eps-converted-to.pdf, id=21, 455.7025pt x 255.95625pt>
File: RadixSort-eps-converted-to.pdf Graphic file (type pdf)

<use RadixSort-eps-converted-to.pdf>
Package pdftex.def Info: RadixSort-eps-converted-to.pdf used on input line 187.

(pdftex.def)             Requested size: 238.49641pt x 180.67569pt.
Missing character: There is no â in font cmr9!
Missing character: There is no € in font cmr9!
Missing character: There is no ¢ in font cmr9!
Missing character: There is no â in font cmr9!
Missing character: There is no € in font cmr9!
Missing character: There is no ¢ in font cmr9!
 [2 <./InsertionSort-eps-converted-to.pdf> <./SelectionSort-eps-converted-to.pd
f>]
Missing character: There is no â in font cmr9!
Missing character: There is no € in font cmr9!
Missing character: There is no ¢ in font cmr9!
Package epstopdf Info: Source file: <ShellSort.eps>
(epstopdf)                    date: 2014-03-20 23:12:06
(epstopdf)                    size: 125391 bytes
(epstopdf)             Output file: <ShellSort-eps-converted-to.pdf>
(epstopdf)                    date: 2014-03-21 00:56:03
(epstopdf)                    size: 61728 bytes
(epstopdf)             Command: <repstopdf --outfile=ShellSort-eps-converted-to
.pdf ShellSort.eps>
(epstopdf)             \includegraphics on input line 208.
Package epstopdf Info: Output file is already uptodate.

<ShellSort-eps-converted-to.pdf, id=29, 455.7025pt x 255.95625pt>
File: ShellSort-eps-converted-to.pdf Graphic file (type pdf)

<use ShellSort-eps-converted-to.pdf>
Package pdftex.def Info: ShellSort-eps-converted-to.pdf used on input line 208.

(pdftex.def)             Requested size: 238.49641pt x 180.67569pt.
Missing character: There is no â in font cmr9!
Missing character: There is no € in font cmr9!
Missing character: There is no ¢ in font cmr9!
Package epstopdf Info: Source file: <QuickSort.eps>
(epstopdf)                    date: 2014-03-20 23:14:02
(epstopdf)                    size: 120497 bytes
(epstopdf)             Output file: <QuickSort-eps-converted-to.pdf>
(epstopdf)                    date: 2014-03-21 00:56:03
(epstopdf)                    size: 60444 bytes
(epstopdf)             Command: <repstopdf --outfile=QuickSort-eps-converted-to
.pdf QuickSort.eps>
(epstopdf)             \includegraphics on input line 229.
Package epstopdf Info: Output file is already uptodate.

<QuickSort-eps-converted-to.pdf, id=30, 455.7025pt x 255.95625pt>
File: QuickSort-eps-converted-to.pdf Graphic file (type pdf)

<use QuickSort-eps-converted-to.pdf>
Package pdftex.def Info: QuickSort-eps-converted-to.pdf used on input line 229.

(pdftex.def)             Requested size: 238.49641pt x 180.67569pt.
Missing character: There is no â in font cmr9!
Missing character: There is no € in font cmr9!
Missing character: There is no ¢ in font cmr9!
Missing character: There is no â in font cmr9!
Missing character: There is no € in font cmr9!
Missing character: There is no ¢ in font cmr9!
 [3 <./RadixSort-eps-converted-to.pdf> <./ShellSort-eps-converted-to.pdf>]
Package epstopdf Info: Source file: <n2comparison.eps>
(epstopdf)                    date: 2014-03-21 11:35:07
(epstopdf)                    size: 99926 bytes
(epstopdf)             Output file: <n2comparison-eps-converted-to.pdf>
(epstopdf)                    date: 2014-03-21 11:36:11
(epstopdf)                    size: 49978 bytes
(epstopdf)             Command: <repstopdf --outfile=n2comparison-eps-converted
-to.pdf n2comparison.eps>
(epstopdf)             \includegraphics on input line 258.
Package epstopdf Info: Output file is already uptodate.

<n2comparison-eps-converted-to.pdf, id=38, 455.7025pt x 255.95625pt>
File: n2comparison-eps-converted-to.pdf Graphic file (type pdf)

<use n2comparison-eps-converted-to.pdf>
Package pdftex.def Info: n2comparison-eps-converted-to.pdf used on input line 2
58.
(pdftex.def)             Requested size: 238.49641pt x 180.67569pt.
Missing character: There is no â in font cmr9!
Missing character: There is no € in font cmr9!
Missing character: There is no ¢ in font cmr9!
Missing character: There is no â in font cmr9!
Missing character: There is no € in font cmr9!
Missing character: There is no ¢ in font cmr9!
Package epstopdf Info: Source file: <nlogncomparison.eps>
(epstopdf)                    date: 2014-03-21 11:35:37
(epstopdf)                    size: 125443 bytes
(epstopdf)             Output file: <nlogncomparison-eps-converted-to.pdf>
(epstopdf)                    date: 2014-03-21 11:36:11
(epstopdf)                    size: 61886 bytes
(epstopdf)             Command: <repstopdf --outfile=nlogncomparison-eps-conver
ted-to.pdf nlogncomparison.eps>
(epstopdf)             \includegraphics on input line 271.
Package epstopdf Info: Output file is already uptodate.

<nlogncomparison-eps-converted-to.pdf, id=39, 455.7025pt x 255.95625pt>
File: nlogncomparison-eps-converted-to.pdf Graphic file (type pdf)

<use nlogncomparison-eps-converted-to.pdf>
Package pdftex.def Info: nlogncomparison-eps-converted-to.pdf used on input lin
e 271.
(pdftex.def)             Requested size: 238.49641pt x 180.67569pt.
Missing character: There is no â in font cmr9!
Missing character: There is no € in font cmr9!
Missing character: There is no ¢ in font cmr9!
Missing character: There is no â in font cmr9!
Missing character: There is no € in font cmr9!
Missing character: There is no ¢ in font cmr9!
 [4 <./QuickSort-eps-converted-to.pdf> <./n2comparison-eps-converted-to.pdf> <.
/nlogncomparison-eps-converted-to.pdf>]
No file "cs211 sorting algorithms report".bbl.
Missing character: There is no â in font cmr9!
Missing character: There is no € in font cmr9!
Missing character: There is no ¢ in font cmr9!

Overfull \hbox (4.34341pt too wide) in paragraph at lines 323--324
\T1/aer/m/n/9 http://www.sorting-algorithms.com/ - Ex-pla-na-tions, pseudo-
 []


Overfull \hbox (4.96664pt too wide) in paragraph at lines 327--328
[]\T1/aer/m/n/9 https://www.khanacademy.org/ - Ex-pla-na-tions for some sort-
 []

[5] (build/cs211 sorting algorithms report.aux) ) 
Here is how much of TeX's memory you used:
 2817 strings out of 495031
 36567 string characters out of 6181531
 93583 words of memory out of 5000000
 5948 multiletter control sequences out of 15000+600000
 48451 words of font info for 65 fonts, out of 8000000 for 9000
 14 hyphenation exceptions out of 8191
 42i,10n,28p,658b,246s stack positions out of 5000i,500n,10000p,200000b,80000s
{/usr/share/texlive/texmf-dist
/fonts/enc/dvips/base/8r.enc}</usr/share/texlive/texmf-dist/fonts/type1/public/
amsfonts/cm/cmbx9.pfb></usr/share/texlive/texmf-dist/fonts/type1/public/amsfont
s/cm/cmmi9.pfb></usr/share/texlive/texmf-dist/fonts/type1/public/amsfonts/cm/cm
r6.pfb></usr/share/texlive/texmf-dist/fonts/type1/public/amsfonts/cm/cmr9.pfb><
/usr/share/texlive/texmf-dist/fonts/type1/public/amsfonts/cm/cmsy9.pfb></usr/sh
are/texlive/texmf-dist/fonts/type1/public/amsfonts/cm/cmti9.pfb></usr/share/tex
live/texmf-dist/fonts/type1/urw/helvetic/uhvb8a.pfb></usr/share/texlive/texmf-d
ist/fonts/type1/urw/helvetic/uhvr8a.pfb></usr/share/texlive/texmf-dist/fonts/ty
pe1/urw/times/utmb8a.pfb></usr/share/texlive/texmf-dist/fonts/type1/urw/times/u
tmri8a.pfb>
Output written on "build/cs211 sorting algorithms report.pdf" (5 pages, 541818 
bytes).
PDF statistics:
 85 PDF objects out of 1000 (max. 8388607)
 59 compressed objects within 1 object stream
 0 named destinations out of 1000 (max. 500000)
 41 words of extra memory for PDF output out of 10000 (max. 10000000)

